Using pre-set license
Built from '2020.3/staging' branch; Version is '2020.3.25f1 (9b9180224418) revision 10195328'; Using compiler version '192528614'; Build Type 'Release'
OS: 'Windows 10  (10.0.19042) 64bit Professional' Language: 'en' Physical Memory: 16335 MB
BatchMode: 1, IsHumanControllingUs: 0, StartBugReporterOnCrash: 0, Is64bit: 1, IsPro: 0

COMMAND LINE ARGUMENTS:
C:\Program Files (x86)\2020.3.25f1\Editor\Unity.exe
-adb2
-batchMode
-noUpm
-name
AssetImportWorker0
-projectPath
E:/Repositories/Turn-Based_RPG-Unity/Turn_Based_RPG
-logFile
Logs/AssetImportWorker0.log
-srvPort
<<<<<<< HEAD
64399
Successfully changed project path to: E:/Repositories/Turn-Based_RPG-Unity/Turn_Based_RPG
E:/Repositories/Turn-Based_RPG-Unity/Turn_Based_RPG
Using Asset Import Pipeline V2.
Refreshing native plugins compatible for Editor in 67.00 ms, found 2 plugins.
=======
63188
Successfully changed project path to: E:/Repositories/Turn-Based_RPG-Unity/Turn_Based_RPG
E:/Repositories/Turn-Based_RPG-Unity/Turn_Based_RPG
Using Asset Import Pipeline V2.
Refreshing native plugins compatible for Editor in 61.64 ms, found 2 plugins.
>>>>>>> parent of 65fd605 (Updated Combat 1/9/2022)
Preloading 0 native plugins for Editor in 0.00 ms.
Initialize engine version: 2020.3.25f1 (9b9180224418)
[Subsystems] Discovering subsystems at path C:/Program Files (x86)/2020.3.25f1/Editor/Data/Resources/UnitySubsystems
[Subsystems] Discovering subsystems at path E:/Repositories/Turn-Based_RPG-Unity/Turn_Based_RPG/Assets
GfxDevice: creating device client; threaded=0
Direct3D:
    Version:  Direct3D 11.0 [level 11.1]
    Renderer: NVIDIA GeForce GTX 1050 (ID=0x1c81)
    Vendor:   
    VRAM:     1977 MB
    Driver:   30.0.14.9676
Initialize mono
Mono path[0] = 'C:/Program Files (x86)/2020.3.25f1/Editor/Data/Managed'
Mono path[1] = 'C:/Program Files (x86)/2020.3.25f1/Editor/Data/MonoBleedingEdge/lib/mono/unityjit'
Mono config path = 'C:/Program Files (x86)/2020.3.25f1/Editor/Data/MonoBleedingEdge/etc'
<<<<<<< HEAD
Using monoOptions --debugger-agent=transport=dt_socket,embedding=1,server=y,suspend=n,address=127.0.0.1:56652
=======
Using monoOptions --debugger-agent=transport=dt_socket,embedding=1,server=y,suspend=n,address=127.0.0.1:56284
>>>>>>> parent of 65fd605 (Updated Combat 1/9/2022)
Begin MonoManager ReloadAssembly
Registering precompiled unity dll's ...
Register platform support module: C:/Program Files (x86)/2020.3.25f1/Editor/Data/PlaybackEngines/WindowsStandaloneSupport/UnityEditor.WindowsStandalone.Extensions.dll
Register platform support module: C:/Program Files (x86)/2020.3.25f1/Editor/Data/PlaybackEngines/LinuxStandaloneSupport/UnityEditor.LinuxStandalone.Extensions.dll
<<<<<<< HEAD
Registered in 0.002732 seconds.
Native extension for LinuxStandalone target not found
Native extension for WindowsStandalone target not found
Refreshing native plugins compatible for Editor in 68.62 ms, found 2 plugins.
Preloading 0 native plugins for Editor in 0.00 ms.
Mono: successfully reloaded assembly
- Completed reload, in  0.539 seconds
Domain Reload Profiling:
	ReloadAssembly (539ms)
=======
Registered in 0.002173 seconds.
Native extension for LinuxStandalone target not found
Native extension for WindowsStandalone target not found
Refreshing native plugins compatible for Editor in 59.00 ms, found 2 plugins.
Preloading 0 native plugins for Editor in 0.00 ms.
Mono: successfully reloaded assembly
- Completed reload, in  0.505 seconds
Domain Reload Profiling:
	ReloadAssembly (506ms)
>>>>>>> parent of 65fd605 (Updated Combat 1/9/2022)
		BeginReloadAssembly (45ms)
			ExecutionOrderSort (0ms)
			DisableScriptedObjects (0ms)
			BackupInstance (0ms)
			ReleaseScriptingObjects (0ms)
			CreateAndSetChildDomain (1ms)
<<<<<<< HEAD
		EndReloadAssembly (429ms)
			LoadAssemblies (43ms)
			RebuildTransferFunctionScriptingTraits (0ms)
			SetupTypeCache (124ms)
			ReleaseScriptCaches (0ms)
			RebuildScriptCaches (25ms)
			SetupLoadedEditorAssemblies (190ms)
				LogAssemblyErrors (0ms)
				InitializePlatformSupportModulesInManaged (5ms)
				SetLoadedEditorAssemblies (0ms)
				RefreshPlugins (69ms)
				BeforeProcessingInitializeOnLoad (14ms)
				ProcessInitializeOnLoadAttributes (75ms)
				ProcessInitializeOnLoadMethodAttributes (26ms)
=======
		EndReloadAssembly (396ms)
			LoadAssemblies (43ms)
			RebuildTransferFunctionScriptingTraits (0ms)
			SetupTypeCache (123ms)
			ReleaseScriptCaches (0ms)
			RebuildScriptCaches (24ms)
			SetupLoadedEditorAssemblies (164ms)
				LogAssemblyErrors (0ms)
				InitializePlatformSupportModulesInManaged (5ms)
				SetLoadedEditorAssemblies (0ms)
				RefreshPlugins (59ms)
				BeforeProcessingInitializeOnLoad (14ms)
				ProcessInitializeOnLoadAttributes (64ms)
				ProcessInitializeOnLoadMethodAttributes (21ms)
>>>>>>> parent of 65fd605 (Updated Combat 1/9/2022)
				AfterProcessingInitializeOnLoad (0ms)
				EditorAssembliesLoaded (0ms)
			ExecutionOrderSort2 (0ms)
			AwakeInstancesAfterBackupRestoration (0ms)
Platform modules already initialized, skipping
Registering precompiled user dll's ...
<<<<<<< HEAD
Registered in 0.007177 seconds.
Begin MonoManager ReloadAssembly
Native extension for LinuxStandalone target not found
Native extension for WindowsStandalone target not found
Refreshing native plugins compatible for Editor in 71.12 ms, found 2 plugins.
Preloading 0 native plugins for Editor in 0.00 ms.
Mono: successfully reloaded assembly
- Completed reload, in  1.184 seconds
Domain Reload Profiling:
	ReloadAssembly (1185ms)
		BeginReloadAssembly (139ms)
=======
Registered in 0.004777 seconds.
Begin MonoManager ReloadAssembly
Native extension for LinuxStandalone target not found
Native extension for WindowsStandalone target not found
Refreshing native plugins compatible for Editor in 60.85 ms, found 2 plugins.
Preloading 0 native plugins for Editor in 0.00 ms.
Mono: successfully reloaded assembly
- Completed reload, in  1.116 seconds
Domain Reload Profiling:
	ReloadAssembly (1117ms)
		BeginReloadAssembly (150ms)
>>>>>>> parent of 65fd605 (Updated Combat 1/9/2022)
			ExecutionOrderSort (0ms)
			DisableScriptedObjects (4ms)
			BackupInstance (0ms)
			ReleaseScriptingObjects (0ms)
<<<<<<< HEAD
			CreateAndSetChildDomain (24ms)
		EndReloadAssembly (991ms)
			LoadAssemblies (90ms)
			RebuildTransferFunctionScriptingTraits (0ms)
			SetupTypeCache (344ms)
			ReleaseScriptCaches (1ms)
			RebuildScriptCaches (68ms)
			SetupLoadedEditorAssemblies (393ms)
				LogAssemblyErrors (0ms)
				InitializePlatformSupportModulesInManaged (4ms)
				SetLoadedEditorAssemblies (0ms)
				RefreshPlugins (71ms)
				BeforeProcessingInitializeOnLoad (97ms)
				ProcessInitializeOnLoadAttributes (202ms)
				ProcessInitializeOnLoadMethodAttributes (13ms)
=======
			CreateAndSetChildDomain (19ms)
		EndReloadAssembly (912ms)
			LoadAssemblies (108ms)
			RebuildTransferFunctionScriptingTraits (0ms)
			SetupTypeCache (304ms)
			ReleaseScriptCaches (1ms)
			RebuildScriptCaches (65ms)
			SetupLoadedEditorAssemblies (361ms)
				LogAssemblyErrors (0ms)
				InitializePlatformSupportModulesInManaged (4ms)
				SetLoadedEditorAssemblies (0ms)
				RefreshPlugins (61ms)
				BeforeProcessingInitializeOnLoad (85ms)
				ProcessInitializeOnLoadAttributes (196ms)
				ProcessInitializeOnLoadMethodAttributes (8ms)
>>>>>>> parent of 65fd605 (Updated Combat 1/9/2022)
				AfterProcessingInitializeOnLoad (6ms)
				EditorAssembliesLoaded (0ms)
			ExecutionOrderSort2 (0ms)
			AwakeInstancesAfterBackupRestoration (5ms)
Platform modules already initialized, skipping
========================================================================
Worker process is ready to serve import requests
<<<<<<< HEAD
Launched and connected shader compiler UnityShaderCompiler.exe after 0.04 seconds
Refreshing native plugins compatible for Editor in 1.65 ms, found 2 plugins.
Preloading 0 native plugins for Editor in 0.00 ms.
Unloading 4112 Unused Serialized files (Serialized files now loaded: 0)
System memory in use before: 169.8 MB.
System memory in use after: 170.0 MB.

Unloading 27 unused Assets to reduce memory usage. Loaded Objects now: 4546.
Total: 3.759800 ms (FindLiveObjects: 0.385400 ms CreateObjectMapping: 0.105700 ms MarkObjects: 3.188700 ms  DeleteObjects: 0.078200 ms)

AssetImportParameters requested are different than current active one (requested -> active):
  custom:framework-win-MediaFoundation: 216162199b28c13a410421893ffa2e32 -> 
  custom:video-decoder-ogg-theora: a1e56fd34408186e4bbccfd4996cb3dc -> 
  custom:container-muxer-webm: aa71ff27fc2769a1b78a27578f13a17b -> 
  custom:container-demuxer-webm: 4f35f7cbe854078d1ac9338744f61a02 -> 
  custom:container-demuxer-ogg: 62fdf1f143b41e24485cea50d1cbac27 -> 
  custom:video-encoder-webm-vp8: eb34c28f22e8b96e1ab97ce403110664 -> 
  custom:video-decoder-webm-vp8: 9c59270c3fd7afecdb556c50c9e8de78 -> 
  custom:audio-decoder-ogg-vorbis: bf7c407c2cedff20999df2af8eb42d56 -> 
  custom:audio-encoder-webm-vorbis: bf7c407c2cedff20999df2af8eb42d56 -> 
========================================================================
Received Import Request.
  path: Assets/UniTask-master/src
  artifactKey: Guid(8f90ff7585da5de4cb3876f884a55eef) Importer(815301076,1909f56bfc062723c751e8b465ee728b)
Start importing Assets/UniTask-master/src using Guid(8f90ff7585da5de4cb3876f884a55eef) Importer(815301076,1909f56bfc062723c751e8b465ee728b)  -> (artifact id: 'ff0ae75457197daabbc6b4f7b6c8358a') in 0.012472 seconds 
  Import took 0.018435 seconds .

========================================================================
Received Import Request.
  Time since last request: 0.000209 seconds.
  path: Assets/UniTask-master/docs
  artifactKey: Guid(b8c9d4d12b972bf468b4adfa70cc5d52) Importer(815301076,1909f56bfc062723c751e8b465ee728b)
Start importing Assets/UniTask-master/docs using Guid(b8c9d4d12b972bf468b4adfa70cc5d52) Importer(815301076,1909f56bfc062723c751e8b465ee728b)  -> (artifact id: '4128a2457379f7c18838b0f20a2f45b1') in 0.035774 seconds 
  Import took 0.040928 seconds .

========================================================================
Received Import Request.
  Time since last request: 111.178698 seconds.
  path: Assets/UniTask-master/src/UniTask.NetCore
  artifactKey: Guid(53b84706aa5402147bf29b236ab962bb) Importer(815301076,1909f56bfc062723c751e8b465ee728b)
Start importing Assets/UniTask-master/src/UniTask.NetCore using Guid(53b84706aa5402147bf29b236ab962bb) Importer(815301076,1909f56bfc062723c751e8b465ee728b)  -> (artifact id: '9257f1445ec6d9ffe51611c0ee46099d') in 0.008758 seconds 
  Import took 0.015513 seconds .

========================================================================
Received Import Request.
  Time since last request: 0.090395 seconds.
  path: Assets/UniTask-master/src/UniTask.NetCore/Icon.png
  artifactKey: Guid(663524a8ff161804598b42348a7575f3) Importer(815301076,1909f56bfc062723c751e8b465ee728b)
Start importing Assets/UniTask-master/src/UniTask.NetCore/Icon.png using Guid(663524a8ff161804598b42348a7575f3) Importer(815301076,1909f56bfc062723c751e8b465ee728b)  -> (artifact id: 'd45a016849013e87445f8023fb421828') in 0.245617 seconds 
  Import took 0.252428 seconds .

========================================================================
Received Import Request.
  Time since last request: 1.088554 seconds.
  path: Assets/UniTask-master/src/UniTask.NetCore/NetCore
  artifactKey: Guid(28f8b4fb5361a6b4ba52fd0547df5e28) Importer(815301076,1909f56bfc062723c751e8b465ee728b)
Start importing Assets/UniTask-master/src/UniTask.NetCore/NetCore using Guid(28f8b4fb5361a6b4ba52fd0547df5e28) Importer(815301076,1909f56bfc062723c751e8b465ee728b)  -> (artifact id: 'd24a9925fc7e5a53494d0f245ffcdc79') in 0.008533 seconds 
  Import took 0.015958 seconds .

========================================================================
Received Import Request.
  Time since last request: 15.966468 seconds.
  path: Assets/UniTask-master/src/UniTask.NetCoreTests
  artifactKey: Guid(946dd31a64d808348a22331515a7859b) Importer(815301076,1909f56bfc062723c751e8b465ee728b)
Start importing Assets/UniTask-master/src/UniTask.NetCoreTests using Guid(946dd31a64d808348a22331515a7859b) Importer(815301076,1909f56bfc062723c751e8b465ee728b)  -> (artifact id: '3121027d8cf6ef50f43a37884fa7534c') in 0.010363 seconds 
  Import took 0.016584 seconds .

========================================================================
Received Import Request.
  Time since last request: 1.544217 seconds.
  path: Assets/UniTask-master/src/UniTask.NetCoreTests/Linq
  artifactKey: Guid(b9eecb23509a51f40bbb5b4c8aa15207) Importer(815301076,1909f56bfc062723c751e8b465ee728b)
Start importing Assets/UniTask-master/src/UniTask.NetCoreTests/Linq using Guid(b9eecb23509a51f40bbb5b4c8aa15207) Importer(815301076,1909f56bfc062723c751e8b465ee728b)  -> (artifact id: 'f5517ad0fc45245da4a059a69b31ef93') in 0.010008 seconds 
  Import took 0.016302 seconds .

========================================================================
Received Import Request.
  Time since last request: 9.158485 seconds.
  path: Assets/UniTask-master/src/UniTask
  artifactKey: Guid(517ba1f09c6ffbb4097d38a4f6eaef55) Importer(815301076,1909f56bfc062723c751e8b465ee728b)
Start importing Assets/UniTask-master/src/UniTask using Guid(517ba1f09c6ffbb4097d38a4f6eaef55) Importer(815301076,1909f56bfc062723c751e8b465ee728b)  -> (artifact id: '95624428abf39698141cd61ceee7ec72') in 0.007642 seconds 
  Import took 0.014235 seconds .

========================================================================
Received Import Request.
  Time since last request: 2.721286 seconds.
  path: Assets/UniTask-master/src/UniTask.Analyzer
  artifactKey: Guid(43d9d6dd8bc9f9541a85a9cff45fa9f2) Importer(815301076,1909f56bfc062723c751e8b465ee728b)
Start importing Assets/UniTask-master/src/UniTask.Analyzer using Guid(43d9d6dd8bc9f9541a85a9cff45fa9f2) Importer(815301076,1909f56bfc062723c751e8b465ee728b)  -> (artifact id: '57cc7b215140cbe22006eb3bc2861f59') in 0.007238 seconds 
  Import took 0.013529 seconds .

========================================================================
Received Import Request.
  Time since last request: 1.077841 seconds.
  path: Assets/UniTask-master/src/UniTask.Analyzer/Properties
  artifactKey: Guid(ae811896e4e09a7429e463f8767f7657) Importer(815301076,1909f56bfc062723c751e8b465ee728b)
Start importing Assets/UniTask-master/src/UniTask.Analyzer/Properties using Guid(ae811896e4e09a7429e463f8767f7657) Importer(815301076,1909f56bfc062723c751e8b465ee728b)  -> (artifact id: '9fa192de4ea8dbabb1a64eeac44e32e4') in 0.008141 seconds 
  Import took 0.015254 seconds .

========================================================================
Received Import Request.
  Time since last request: 11.500687 seconds.
  path: Assets/UniTask-master/src/UniTask.NetCoreSandbox
  artifactKey: Guid(bb8dd3d28e2a8554b8174e12f268d942) Importer(815301076,1909f56bfc062723c751e8b465ee728b)
Start importing Assets/UniTask-master/src/UniTask.NetCoreSandbox using Guid(bb8dd3d28e2a8554b8174e12f268d942) Importer(815301076,1909f56bfc062723c751e8b465ee728b)  -> (artifact id: '890720ec94f040b137d460fa17521ecb') in 0.007782 seconds 
  Import took 0.014618 seconds .

========================================================================
Received Import Request.
  Time since last request: 1.286546 seconds.
  path: Assets/UniTask-master/src/UniTask.NetCoreSandbox/Program.cs
  artifactKey: Guid(6a0ea07215bbd0b4788ec1a0a8cb543c) Importer(815301076,1909f56bfc062723c751e8b465ee728b)
Start importing Assets/UniTask-master/src/UniTask.NetCoreSandbox/Program.cs using Guid(6a0ea07215bbd0b4788ec1a0a8cb543c) Importer(815301076,1909f56bfc062723c751e8b465ee728b)  -> (artifact id: 'c92dc1e239b6c243f71ca1f2a1446bd2') in 0.240777 seconds 
  Import took 0.246584 seconds .

========================================================================
Received Prepare
Registering precompiled user dll's ...
Registered in 0.005173 seconds.
Begin MonoManager ReloadAssembly
Native extension for LinuxStandalone target not found
Native extension for WindowsStandalone target not found
Refreshing native plugins compatible for Editor in 0.86 ms, found 2 plugins.
Preloading 0 native plugins for Editor in 0.00 ms.
Mono: successfully reloaded assembly
- Completed reload, in  1.019 seconds
Domain Reload Profiling:
	ReloadAssembly (1019ms)
		BeginReloadAssembly (110ms)
			ExecutionOrderSort (0ms)
			DisableScriptedObjects (4ms)
			BackupInstance (0ms)
			ReleaseScriptingObjects (0ms)
			CreateAndSetChildDomain (42ms)
		EndReloadAssembly (854ms)
			LoadAssemblies (78ms)
			RebuildTransferFunctionScriptingTraits (0ms)
			SetupTypeCache (305ms)
			ReleaseScriptCaches (2ms)
			RebuildScriptCaches (58ms)
			SetupLoadedEditorAssemblies (312ms)
				LogAssemblyErrors (0ms)
				InitializePlatformSupportModulesInManaged (5ms)
				SetLoadedEditorAssemblies (0ms)
				RefreshPlugins (1ms)
				BeforeProcessingInitializeOnLoad (92ms)
				ProcessInitializeOnLoadAttributes (200ms)
				ProcessInitializeOnLoadMethodAttributes (8ms)
				AfterProcessingInitializeOnLoad (6ms)
				EditorAssembliesLoaded (0ms)
			ExecutionOrderSort2 (0ms)
			AwakeInstancesAfterBackupRestoration (8ms)
Platform modules already initialized, skipping
Refreshing native plugins compatible for Editor in 0.83 ms, found 2 plugins.
Preloading 0 native plugins for Editor in 0.00 ms.
Unloading 3787 Unused Serialized files (Serialized files now loaded: 0)
System memory in use before: 157.8 MB.
System memory in use after: 158.1 MB.

Unloading 220 unused Assets to reduce memory usage. Loaded Objects now: 4350.
Total: 3.553200 ms (FindLiveObjects: 0.353100 ms CreateObjectMapping: 0.104800 ms MarkObjects: 3.033000 ms  DeleteObjects: 0.061300 ms)

AssetImportParameters requested are different than current active one (requested -> active):
  custom:framework-win-MediaFoundation: 216162199b28c13a410421893ffa2e32 -> 
  custom:video-decoder-ogg-theora: a1e56fd34408186e4bbccfd4996cb3dc -> 
  custom:container-muxer-webm: aa71ff27fc2769a1b78a27578f13a17b -> 
  custom:container-demuxer-webm: 4f35f7cbe854078d1ac9338744f61a02 -> 
  custom:container-demuxer-ogg: 62fdf1f143b41e24485cea50d1cbac27 -> 
  custom:video-encoder-webm-vp8: eb34c28f22e8b96e1ab97ce403110664 -> 
  custom:video-decoder-webm-vp8: 9c59270c3fd7afecdb556c50c9e8de78 -> 
  custom:audio-decoder-ogg-vorbis: bf7c407c2cedff20999df2af8eb42d56 -> 
  custom:audio-encoder-webm-vorbis: bf7c407c2cedff20999df2af8eb42d56 -> 
========================================================================
Received Prepare
Registering precompiled user dll's ...
Registered in 0.005598 seconds.
Begin MonoManager ReloadAssembly
Native extension for LinuxStandalone target not found
Native extension for WindowsStandalone target not found
Refreshing native plugins compatible for Editor in 0.88 ms, found 2 plugins.
Preloading 0 native plugins for Editor in 0.00 ms.
Mono: successfully reloaded assembly
- Completed reload, in  1.042 seconds
Domain Reload Profiling:
	ReloadAssembly (1043ms)
		BeginReloadAssembly (110ms)
			ExecutionOrderSort (0ms)
			DisableScriptedObjects (4ms)
			BackupInstance (0ms)
			ReleaseScriptingObjects (0ms)
			CreateAndSetChildDomain (35ms)
		EndReloadAssembly (877ms)
			LoadAssemblies (80ms)
			RebuildTransferFunctionScriptingTraits (0ms)
			SetupTypeCache (335ms)
			ReleaseScriptCaches (2ms)
			RebuildScriptCaches (63ms)
			SetupLoadedEditorAssemblies (304ms)
				LogAssemblyErrors (0ms)
				InitializePlatformSupportModulesInManaged (5ms)
				SetLoadedEditorAssemblies (0ms)
				RefreshPlugins (1ms)
				BeforeProcessingInitializeOnLoad (90ms)
				ProcessInitializeOnLoadAttributes (190ms)
				ProcessInitializeOnLoadMethodAttributes (12ms)
				AfterProcessingInitializeOnLoad (6ms)
				EditorAssembliesLoaded (0ms)
			ExecutionOrderSort2 (0ms)
			AwakeInstancesAfterBackupRestoration (8ms)
Platform modules already initialized, skipping
Refreshing native plugins compatible for Editor in 0.84 ms, found 2 plugins.
Preloading 0 native plugins for Editor in 0.00 ms.
Unloading 3938 Unused Serialized files (Serialized files now loaded: 0)
System memory in use before: 160.7 MB.
System memory in use after: 161.0 MB.

Unloading 107 unused Assets to reduce memory usage. Loaded Objects now: 4413.
Total: 3.592600 ms (FindLiveObjects: 0.392400 ms CreateObjectMapping: 0.105300 ms MarkObjects: 3.051000 ms  DeleteObjects: 0.042600 ms)
=======
Launched and connected shader compiler UnityShaderCompiler.exe after 0.16 seconds
Refreshing native plugins compatible for Editor in 0.79 ms, found 2 plugins.
Preloading 0 native plugins for Editor in 0.00 ms.
Unloading 3755 Unused Serialized files (Serialized files now loaded: 0)
System memory in use before: 158.1 MB.
System memory in use after: 158.3 MB.

Unloading 27 unused Assets to reduce memory usage. Loaded Objects now: 4188.
Total: 3.486100 ms (FindLiveObjects: 0.333100 ms CreateObjectMapping: 0.096600 ms MarkObjects: 2.988600 ms  DeleteObjects: 0.066800 ms)
>>>>>>> parent of 65fd605 (Updated Combat 1/9/2022)

AssetImportParameters requested are different than current active one (requested -> active):
  custom:framework-win-MediaFoundation: 216162199b28c13a410421893ffa2e32 -> 
  custom:video-decoder-ogg-theora: a1e56fd34408186e4bbccfd4996cb3dc -> 
  custom:container-muxer-webm: aa71ff27fc2769a1b78a27578f13a17b -> 
  custom:container-demuxer-webm: 4f35f7cbe854078d1ac9338744f61a02 -> 
  custom:container-demuxer-ogg: 62fdf1f143b41e24485cea50d1cbac27 -> 
  custom:video-encoder-webm-vp8: eb34c28f22e8b96e1ab97ce403110664 -> 
  custom:video-decoder-webm-vp8: 9c59270c3fd7afecdb556c50c9e8de78 -> 
  custom:audio-decoder-ogg-vorbis: bf7c407c2cedff20999df2af8eb42d56 -> 
  custom:audio-encoder-webm-vorbis: bf7c407c2cedff20999df2af8eb42d56 -> 
========================================================================
Received Import Request.
<<<<<<< HEAD
  Time since last request: 477.505487 seconds.
  path: Assets/Plugins
  artifactKey: Guid(d64f21e79f7d3374aaade61fdf5b7536) Importer(815301076,1909f56bfc062723c751e8b465ee728b)
Start importing Assets/Plugins using Guid(d64f21e79f7d3374aaade61fdf5b7536) Importer(815301076,1909f56bfc062723c751e8b465ee728b)  -> (artifact id: '062b23aa676307631f692c7a4c866377') in 0.017343 seconds 
  Import took 0.023732 seconds .

========================================================================
Received Import Request.
  Time since last request: 255.569534 seconds.
  path: Assets/Plugins/Demigiant
  artifactKey: Guid(ffafe654c1af58f439277ea1afdce66f) Importer(815301076,1909f56bfc062723c751e8b465ee728b)
Start importing Assets/Plugins/Demigiant using Guid(ffafe654c1af58f439277ea1afdce66f) Importer(815301076,1909f56bfc062723c751e8b465ee728b)  -> (artifact id: '73185e09cd41e942591e709dc83aa3c4') in 0.006507 seconds 
  Import took 0.013280 seconds .

========================================================================
Received Import Request.
  Time since last request: 0.833434 seconds.
  path: Assets/Plugins/Demigiant/DOTween
  artifactKey: Guid(45dc1ba7f27cb954191535ac6258b332) Importer(815301076,1909f56bfc062723c751e8b465ee728b)
Start importing Assets/Plugins/Demigiant/DOTween using Guid(45dc1ba7f27cb954191535ac6258b332) Importer(815301076,1909f56bfc062723c751e8b465ee728b)  -> (artifact id: '35d1e1e2cf83b696cf3a24d6f440096d') in 0.007106 seconds 
  Import took 0.013374 seconds .

========================================================================
Received Prepare
Registering precompiled user dll's ...
Registered in 0.005069 seconds.
Begin MonoManager ReloadAssembly
Native extension for LinuxStandalone target not found
Native extension for WindowsStandalone target not found
Refreshing native plugins compatible for Editor in 1.00 ms, found 2 plugins.
Preloading 0 native plugins for Editor in 0.00 ms.
Mono: successfully reloaded assembly
- Completed reload, in  1.018 seconds
Domain Reload Profiling:
	ReloadAssembly (1018ms)
		BeginReloadAssembly (102ms)
			ExecutionOrderSort (0ms)
			DisableScriptedObjects (4ms)
			BackupInstance (0ms)
			ReleaseScriptingObjects (0ms)
			CreateAndSetChildDomain (41ms)
		EndReloadAssembly (862ms)
			LoadAssemblies (79ms)
			RebuildTransferFunctionScriptingTraits (0ms)
			SetupTypeCache (323ms)
			ReleaseScriptCaches (2ms)
			RebuildScriptCaches (55ms)
			SetupLoadedEditorAssemblies (305ms)
				LogAssemblyErrors (0ms)
				InitializePlatformSupportModulesInManaged (4ms)
				SetLoadedEditorAssemblies (1ms)
				RefreshPlugins (1ms)
				BeforeProcessingInitializeOnLoad (90ms)
				ProcessInitializeOnLoadAttributes (190ms)
				ProcessInitializeOnLoadMethodAttributes (12ms)
				AfterProcessingInitializeOnLoad (6ms)
				EditorAssembliesLoaded (0ms)
			ExecutionOrderSort2 (0ms)
			AwakeInstancesAfterBackupRestoration (8ms)
Platform modules already initialized, skipping
Refreshing native plugins compatible for Editor in 0.86 ms, found 2 plugins.
Preloading 0 native plugins for Editor in 0.00 ms.
Unloading 3938 Unused Serialized files (Serialized files now loaded: 0)
System memory in use before: 160.7 MB.
System memory in use after: 161.0 MB.

Unloading 107 unused Assets to reduce memory usage. Loaded Objects now: 4415.
Total: 3.493600 ms (FindLiveObjects: 0.345100 ms CreateObjectMapping: 0.102200 ms MarkObjects: 3.005000 ms  DeleteObjects: 0.040400 ms)

AssetImportParameters requested are different than current active one (requested -> active):
  custom:framework-win-MediaFoundation: 216162199b28c13a410421893ffa2e32 -> 
  custom:video-decoder-ogg-theora: a1e56fd34408186e4bbccfd4996cb3dc -> 
  custom:container-muxer-webm: aa71ff27fc2769a1b78a27578f13a17b -> 
  custom:container-demuxer-webm: 4f35f7cbe854078d1ac9338744f61a02 -> 
  custom:container-demuxer-ogg: 62fdf1f143b41e24485cea50d1cbac27 -> 
  custom:video-encoder-webm-vp8: eb34c28f22e8b96e1ab97ce403110664 -> 
  custom:video-decoder-webm-vp8: 9c59270c3fd7afecdb556c50c9e8de78 -> 
  custom:audio-decoder-ogg-vorbis: bf7c407c2cedff20999df2af8eb42d56 -> 
  custom:audio-encoder-webm-vorbis: bf7c407c2cedff20999df2af8eb42d56 -> 
========================================================================
Received Import Request.
  Time since last request: 112.380501 seconds.
  path: Assets/Plugins/Lowscope
  artifactKey: Guid(5f64b70a1e532044ba6c2cf7c37eea36) Importer(815301076,1909f56bfc062723c751e8b465ee728b)
Start importing Assets/Plugins/Lowscope using Guid(5f64b70a1e532044ba6c2cf7c37eea36) Importer(815301076,1909f56bfc062723c751e8b465ee728b)  -> (artifact id: '5e11e9d63a4227ba77d44da0ca5366c7') in 0.012866 seconds 
  Import took 0.019091 seconds .

========================================================================
Received Prepare
Registering precompiled user dll's ...
Registered in 0.005928 seconds.
Begin MonoManager ReloadAssembly
Native extension for LinuxStandalone target not found
Native extension for WindowsStandalone target not found
Refreshing native plugins compatible for Editor in 0.81 ms, found 2 plugins.
Preloading 0 native plugins for Editor in 0.00 ms.
Mono: successfully reloaded assembly
- Completed reload, in  1.032 seconds
Domain Reload Profiling:
	ReloadAssembly (1032ms)
		BeginReloadAssembly (110ms)
			ExecutionOrderSort (0ms)
			DisableScriptedObjects (5ms)
			BackupInstance (0ms)
			ReleaseScriptingObjects (0ms)
			CreateAndSetChildDomain (41ms)
		EndReloadAssembly (866ms)
			LoadAssemblies (84ms)
			RebuildTransferFunctionScriptingTraits (0ms)
			SetupTypeCache (309ms)
			ReleaseScriptCaches (2ms)
			RebuildScriptCaches (58ms)
			SetupLoadedEditorAssemblies (313ms)
				LogAssemblyErrors (0ms)
				InitializePlatformSupportModulesInManaged (4ms)
				SetLoadedEditorAssemblies (1ms)
				RefreshPlugins (1ms)
				BeforeProcessingInitializeOnLoad (89ms)
				ProcessInitializeOnLoadAttributes (204ms)
				ProcessInitializeOnLoadMethodAttributes (8ms)
				AfterProcessingInitializeOnLoad (6ms)
				EditorAssembliesLoaded (0ms)
			ExecutionOrderSort2 (0ms)
			AwakeInstancesAfterBackupRestoration (8ms)
Platform modules already initialized, skipping
Refreshing native plugins compatible for Editor in 0.82 ms, found 2 plugins.
Preloading 0 native plugins for Editor in 0.00 ms.
Unloading 3787 Unused Serialized files (Serialized files now loaded: 0)
System memory in use before: 155.7 MB.
System memory in use after: 155.9 MB.

Unloading 81 unused Assets to reduce memory usage. Loaded Objects now: 4356.
Total: 3.468300 ms (FindLiveObjects: 0.329500 ms CreateObjectMapping: 0.114800 ms MarkObjects: 2.991000 ms  DeleteObjects: 0.031900 ms)

AssetImportParameters requested are different than current active one (requested -> active):
  custom:framework-win-MediaFoundation: 216162199b28c13a410421893ffa2e32 -> 
  custom:video-decoder-ogg-theora: a1e56fd34408186e4bbccfd4996cb3dc -> 
  custom:container-muxer-webm: aa71ff27fc2769a1b78a27578f13a17b -> 
  custom:container-demuxer-webm: 4f35f7cbe854078d1ac9338744f61a02 -> 
  custom:container-demuxer-ogg: 62fdf1f143b41e24485cea50d1cbac27 -> 
  custom:video-encoder-webm-vp8: eb34c28f22e8b96e1ab97ce403110664 -> 
  custom:video-decoder-webm-vp8: 9c59270c3fd7afecdb556c50c9e8de78 -> 
  custom:audio-decoder-ogg-vorbis: bf7c407c2cedff20999df2af8eb42d56 -> 
  custom:audio-encoder-webm-vorbis: bf7c407c2cedff20999df2af8eb42d56 -> 
========================================================================
Received Prepare
Registering precompiled user dll's ...
Registered in 0.005203 seconds.
Begin MonoManager ReloadAssembly
Native extension for LinuxStandalone target not found
Native extension for WindowsStandalone target not found
Refreshing native plugins compatible for Editor in 0.87 ms, found 2 plugins.
Preloading 0 native plugins for Editor in 0.00 ms.
Mono: successfully reloaded assembly
- Completed reload, in  1.028 seconds
Domain Reload Profiling:
	ReloadAssembly (1028ms)
		BeginReloadAssembly (105ms)
			ExecutionOrderSort (0ms)
			DisableScriptedObjects (4ms)
			BackupInstance (0ms)
			ReleaseScriptingObjects (0ms)
			CreateAndSetChildDomain (35ms)
		EndReloadAssembly (869ms)
			LoadAssemblies (79ms)
			RebuildTransferFunctionScriptingTraits (0ms)
			SetupTypeCache (323ms)
			ReleaseScriptCaches (2ms)
			RebuildScriptCaches (71ms)
			SetupLoadedEditorAssemblies (301ms)
				LogAssemblyErrors (0ms)
				InitializePlatformSupportModulesInManaged (4ms)
				SetLoadedEditorAssemblies (0ms)
				RefreshPlugins (1ms)
				BeforeProcessingInitializeOnLoad (88ms)
				ProcessInitializeOnLoadAttributes (188ms)
				ProcessInitializeOnLoadMethodAttributes (12ms)
				AfterProcessingInitializeOnLoad (6ms)
				EditorAssembliesLoaded (0ms)
			ExecutionOrderSort2 (0ms)
			AwakeInstancesAfterBackupRestoration (8ms)
Platform modules already initialized, skipping
Refreshing native plugins compatible for Editor in 0.85 ms, found 2 plugins.
Preloading 0 native plugins for Editor in 0.00 ms.
Unloading 3938 Unused Serialized files (Serialized files now loaded: 0)
System memory in use before: 160.8 MB.
System memory in use after: 161.0 MB.

Unloading 107 unused Assets to reduce memory usage. Loaded Objects now: 4419.
Total: 3.428200 ms (FindLiveObjects: 0.331300 ms CreateObjectMapping: 0.102600 ms MarkObjects: 2.953200 ms  DeleteObjects: 0.040100 ms)

AssetImportParameters requested are different than current active one (requested -> active):
  custom:framework-win-MediaFoundation: 216162199b28c13a410421893ffa2e32 -> 
  custom:video-decoder-ogg-theora: a1e56fd34408186e4bbccfd4996cb3dc -> 
  custom:container-muxer-webm: aa71ff27fc2769a1b78a27578f13a17b -> 
  custom:container-demuxer-webm: 4f35f7cbe854078d1ac9338744f61a02 -> 
  custom:container-demuxer-ogg: 62fdf1f143b41e24485cea50d1cbac27 -> 
  custom:video-encoder-webm-vp8: eb34c28f22e8b96e1ab97ce403110664 -> 
  custom:video-decoder-webm-vp8: 9c59270c3fd7afecdb556c50c9e8de78 -> 
  custom:audio-decoder-ogg-vorbis: bf7c407c2cedff20999df2af8eb42d56 -> 
  custom:audio-encoder-webm-vorbis: bf7c407c2cedff20999df2af8eb42d56 -> 
========================================================================
Received Prepare
Registering precompiled user dll's ...
Registered in 0.005262 seconds.
Begin MonoManager ReloadAssembly
Native extension for LinuxStandalone target not found
Native extension for WindowsStandalone target not found
Refreshing native plugins compatible for Editor in 0.95 ms, found 2 plugins.
Preloading 0 native plugins for Editor in 0.00 ms.
Mono: successfully reloaded assembly
- Completed reload, in  1.037 seconds
Domain Reload Profiling:
	ReloadAssembly (1037ms)
		BeginReloadAssembly (111ms)
			ExecutionOrderSort (0ms)
			DisableScriptedObjects (4ms)
			BackupInstance (0ms)
			ReleaseScriptingObjects (0ms)
			CreateAndSetChildDomain (44ms)
		EndReloadAssembly (872ms)
			LoadAssemblies (80ms)
			RebuildTransferFunctionScriptingTraits (0ms)
			SetupTypeCache (336ms)
			ReleaseScriptCaches (2ms)
			RebuildScriptCaches (55ms)
			SetupLoadedEditorAssemblies (303ms)
				LogAssemblyErrors (0ms)
				InitializePlatformSupportModulesInManaged (5ms)
				SetLoadedEditorAssemblies (1ms)
				RefreshPlugins (1ms)
				BeforeProcessingInitializeOnLoad (91ms)
				ProcessInitializeOnLoadAttributes (187ms)
				ProcessInitializeOnLoadMethodAttributes (12ms)
				AfterProcessingInitializeOnLoad (6ms)
				EditorAssembliesLoaded (0ms)
			ExecutionOrderSort2 (0ms)
			AwakeInstancesAfterBackupRestoration (8ms)
Platform modules already initialized, skipping
Refreshing native plugins compatible for Editor in 0.99 ms, found 2 plugins.
Preloading 0 native plugins for Editor in 0.00 ms.
Unloading 3962 Unused Serialized files (Serialized files now loaded: 0)
System memory in use before: 162.0 MB.
System memory in use after: 162.2 MB.

Unloading 81 unused Assets to reduce memory usage. Loaded Objects now: 4530.
Total: 3.581300 ms (FindLiveObjects: 0.349300 ms CreateObjectMapping: 0.105400 ms MarkObjects: 3.045000 ms  DeleteObjects: 0.080700 ms)

AssetImportParameters requested are different than current active one (requested -> active):
  custom:framework-win-MediaFoundation: 216162199b28c13a410421893ffa2e32 -> 
  custom:video-decoder-ogg-theora: a1e56fd34408186e4bbccfd4996cb3dc -> 
  custom:container-muxer-webm: aa71ff27fc2769a1b78a27578f13a17b -> 
  custom:container-demuxer-webm: 4f35f7cbe854078d1ac9338744f61a02 -> 
  custom:container-demuxer-ogg: 62fdf1f143b41e24485cea50d1cbac27 -> 
  custom:video-encoder-webm-vp8: eb34c28f22e8b96e1ab97ce403110664 -> 
  custom:video-decoder-webm-vp8: 9c59270c3fd7afecdb556c50c9e8de78 -> 
  custom:audio-decoder-ogg-vorbis: bf7c407c2cedff20999df2af8eb42d56 -> 
  custom:audio-encoder-webm-vorbis: bf7c407c2cedff20999df2af8eb42d56 -> 
========================================================================
Received Import Request.
  Time since last request: 855.363960 seconds.
  path: Assets/Plugins/UniTask.NetCore/Icon.png
  artifactKey: Guid(01a059adfb5a3eb449872d4b9993d1d2) Importer(815301076,1909f56bfc062723c751e8b465ee728b)
Start importing Assets/Plugins/UniTask.NetCore/Icon.png using Guid(01a059adfb5a3eb449872d4b9993d1d2) Importer(815301076,1909f56bfc062723c751e8b465ee728b)  -> (artifact id: 'bb68aaf8d2131a2eb62eaef1cd525651') in 0.082418 seconds 
  Import took 0.091172 seconds .

========================================================================
Received Import Request.
  Time since last request: 2132.999005 seconds.
  path: Assets/Tests/UniTask.Tests.asmdef
  artifactKey: Guid(9fbc684c31ac15b42809d42b62f6eb5f) Importer(815301076,1909f56bfc062723c751e8b465ee728b)
Start importing Assets/Tests/UniTask.Tests.asmdef using Guid(9fbc684c31ac15b42809d42b62f6eb5f) Importer(815301076,1909f56bfc062723c751e8b465ee728b)  -> (artifact id: '4f05ced624d261e7667c2903bbbea050') in 0.009947 seconds 
  Import took 0.016255 seconds .

========================================================================
Received Import Request.
  Time since last request: 18.537451 seconds.
  path: Assets/TutorialInfo/Icons
  artifactKey: Guid(8a0c9218a650547d98138cd835033977) Importer(815301076,1909f56bfc062723c751e8b465ee728b)
Start importing Assets/TutorialInfo/Icons using Guid(8a0c9218a650547d98138cd835033977) Importer(815301076,1909f56bfc062723c751e8b465ee728b)  -> (artifact id: '877c38d75af7f9b160f6df01c0d12ba9') in 0.007158 seconds 
  Import took 0.013527 seconds .

========================================================================
Received Import Request.
  Time since last request: 0.408681 seconds.
  path: Assets/TutorialInfo/Scripts
  artifactKey: Guid(5a9bcd70e6a4b4b05badaa72e827d8e0) Importer(815301076,1909f56bfc062723c751e8b465ee728b)
Start importing Assets/TutorialInfo/Scripts using Guid(5a9bcd70e6a4b4b05badaa72e827d8e0) Importer(815301076,1909f56bfc062723c751e8b465ee728b)  -> (artifact id: '2381cffa6438b17ca19b3c642f224055') in 0.006730 seconds 
  Import took 0.013264 seconds .

========================================================================
Received Import Request.
  Time since last request: 2.974099 seconds.
  path: Assets/TutorialInfo/Scripts/Readme.cs
  artifactKey: Guid(fcf7219bab7fe46a1ad266029b2fee19) Importer(815301076,1909f56bfc062723c751e8b465ee728b)
Start importing Assets/TutorialInfo/Scripts/Readme.cs using Guid(fcf7219bab7fe46a1ad266029b2fee19) Importer(815301076,1909f56bfc062723c751e8b465ee728b)  -> (artifact id: '43153c73d46c6cf684442b7768fcc020') in 0.006055 seconds 
  Import took 0.012113 seconds .

========================================================================
Received Import Request.
  Time since last request: 3.635546 seconds.
  path: Assets/TutorialInfo/Scripts/Editor
  artifactKey: Guid(3ad9b87dffba344c89909c6d1b1c17e1) Importer(815301076,1909f56bfc062723c751e8b465ee728b)
Start importing Assets/TutorialInfo/Scripts/Editor using Guid(3ad9b87dffba344c89909c6d1b1c17e1) Importer(815301076,1909f56bfc062723c751e8b465ee728b)  -> (artifact id: '22d9a53e681186c8abcd91760b4a6555') in 0.006810 seconds 
  Import took 0.013084 seconds .

========================================================================
Received Import Request.
  Time since last request: 1.717878 seconds.
  path: Assets/TutorialInfo/Scripts/Editor/ReadmeEditor.cs
  artifactKey: Guid(476cc7d7cd9874016adc216baab94a0a) Importer(815301076,1909f56bfc062723c751e8b465ee728b)
Start importing Assets/TutorialInfo/Scripts/Editor/ReadmeEditor.cs using Guid(476cc7d7cd9874016adc216baab94a0a) Importer(815301076,1909f56bfc062723c751e8b465ee728b)  -> (artifact id: '28a1c48df5455ec8f9a4e64c6766f86c') in 0.007435 seconds 
  Import took 0.013437 seconds .

========================================================================
Received Import Request.
  Time since last request: 12.271451 seconds.
  path: Assets/TempAsm/TempAsm.asmdef
  artifactKey: Guid(d076e9cb44bf59e41ab73add08e510cf) Importer(815301076,1909f56bfc062723c751e8b465ee728b)
Start importing Assets/TempAsm/TempAsm.asmdef using Guid(d076e9cb44bf59e41ab73add08e510cf) Importer(815301076,1909f56bfc062723c751e8b465ee728b)  -> (artifact id: 'e57dca4a7b4790976730e7e6404825f1') in 0.007789 seconds 
  Import took 0.014514 seconds .

========================================================================
Received Import Request.
  Time since last request: 24.161031 seconds.
  path: Assets/RuntimeUnitTestToolkit/RuntimeUnitTestToolkit.asmdef
  artifactKey: Guid(14c4fea4b238088479114ba2ffe195f9) Importer(815301076,1909f56bfc062723c751e8b465ee728b)
Start importing Assets/RuntimeUnitTestToolkit/RuntimeUnitTestToolkit.asmdef using Guid(14c4fea4b238088479114ba2ffe195f9) Importer(815301076,1909f56bfc062723c751e8b465ee728b)  -> (artifact id: '6adadf3622b9686ccf9851f126914d9d') in 0.006792 seconds 
  Import took 0.013193 seconds .

========================================================================
Received Import Request.
  Time since last request: 31.241288 seconds.
  path: Assets/Scenes/ExceptionExamples.cs
  artifactKey: Guid(329ff620b32b4ef4abdc99884242ee67) Importer(815301076,1909f56bfc062723c751e8b465ee728b)
Start importing Assets/Scenes/ExceptionExamples.cs using Guid(329ff620b32b4ef4abdc99884242ee67) Importer(815301076,1909f56bfc062723c751e8b465ee728b)  -> (artifact id: 'dc2fbed22b1bad9ca188fe823bec7896') in 0.008579 seconds 
  Import took 0.015114 seconds .

========================================================================
Received Import Request.
  Time since last request: 8.111617 seconds.
  path: Assets/Scenes/SandboxMain.cs
  artifactKey: Guid(f0bc6c75abb2e0b47a25aa49bfd488ed) Importer(815301076,1909f56bfc062723c751e8b465ee728b)
Start importing Assets/Scenes/SandboxMain.cs using Guid(f0bc6c75abb2e0b47a25aa49bfd488ed) Importer(815301076,1909f56bfc062723c751e8b465ee728b)  -> (artifact id: 'd9de8652142c2216052aa13b68863d01') in 0.006330 seconds 
  Import took 0.012955 seconds .

========================================================================
Received Import Request.
  Time since last request: 5.531034 seconds.
  path: Assets/Scenes/MiddlewareSample.cs
  artifactKey: Guid(7fc39a4b35a8db44592cddc0b365942f) Importer(815301076,1909f56bfc062723c751e8b465ee728b)
Start importing Assets/Scenes/MiddlewareSample.cs using Guid(7fc39a4b35a8db44592cddc0b365942f) Importer(815301076,1909f56bfc062723c751e8b465ee728b)  -> (artifact id: 'cb495a95139c24e6bf8da9645cd62046') in 0.007402 seconds 
  Import took 0.013561 seconds .

========================================================================
Received Import Request.
  Time since last request: 4.434125 seconds.
  path: Assets/Scenes/EditorTest1.cs
  artifactKey: Guid(48003021292963e48b2493e915dca5ac) Importer(815301076,1909f56bfc062723c751e8b465ee728b)
Start importing Assets/Scenes/EditorTest1.cs using Guid(48003021292963e48b2493e915dca5ac) Importer(815301076,1909f56bfc062723c751e8b465ee728b)  -> (artifact id: '1e1159eb485547760b4614dc4fcab76b') in 0.010695 seconds 
  Import took 0.017357 seconds .

========================================================================
Received Prepare
Registering precompiled user dll's ...
Registered in 0.005390 seconds.
Begin MonoManager ReloadAssembly
Native extension for LinuxStandalone target not found
Native extension for WindowsStandalone target not found
Refreshing native plugins compatible for Editor in 0.93 ms, found 2 plugins.
Preloading 0 native plugins for Editor in 0.00 ms.
Mono: successfully reloaded assembly
- Completed reload, in  1.019 seconds
Domain Reload Profiling:
	ReloadAssembly (1020ms)
		BeginReloadAssembly (112ms)
			ExecutionOrderSort (0ms)
			DisableScriptedObjects (4ms)
			BackupInstance (0ms)
			ReleaseScriptingObjects (0ms)
			CreateAndSetChildDomain (42ms)
		EndReloadAssembly (855ms)
			LoadAssemblies (82ms)
			RebuildTransferFunctionScriptingTraits (0ms)
			SetupTypeCache (306ms)
			ReleaseScriptCaches (2ms)
			RebuildScriptCaches (58ms)
			SetupLoadedEditorAssemblies (309ms)
				LogAssemblyErrors (0ms)
				InitializePlatformSupportModulesInManaged (5ms)
				SetLoadedEditorAssemblies (0ms)
				RefreshPlugins (1ms)
				BeforeProcessingInitializeOnLoad (90ms)
				ProcessInitializeOnLoadAttributes (198ms)
				ProcessInitializeOnLoadMethodAttributes (8ms)
				AfterProcessingInitializeOnLoad (6ms)
				EditorAssembliesLoaded (0ms)
			ExecutionOrderSort2 (0ms)
			AwakeInstancesAfterBackupRestoration (8ms)
Platform modules already initialized, skipping
Refreshing native plugins compatible for Editor in 0.83 ms, found 2 plugins.
Preloading 0 native plugins for Editor in 0.00 ms.
Unloading 3787 Unused Serialized files (Serialized files now loaded: 0)
System memory in use before: 157.8 MB.
System memory in use after: 158.1 MB.

Unloading 184 unused Assets to reduce memory usage. Loaded Objects now: 4368.
Total: 3.661100 ms (FindLiveObjects: 0.358600 ms CreateObjectMapping: 0.103100 ms MarkObjects: 3.055400 ms  DeleteObjects: 0.142600 ms)

AssetImportParameters requested are different than current active one (requested -> active):
  custom:framework-win-MediaFoundation: 216162199b28c13a410421893ffa2e32 -> 
  custom:video-decoder-ogg-theora: a1e56fd34408186e4bbccfd4996cb3dc -> 
  custom:container-muxer-webm: aa71ff27fc2769a1b78a27578f13a17b -> 
  custom:container-demuxer-webm: 4f35f7cbe854078d1ac9338744f61a02 -> 
  custom:container-demuxer-ogg: 62fdf1f143b41e24485cea50d1cbac27 -> 
  custom:video-encoder-webm-vp8: eb34c28f22e8b96e1ab97ce403110664 -> 
  custom:video-decoder-webm-vp8: 9c59270c3fd7afecdb556c50c9e8de78 -> 
  custom:audio-decoder-ogg-vorbis: bf7c407c2cedff20999df2af8eb42d56 -> 
  custom:audio-encoder-webm-vorbis: bf7c407c2cedff20999df2af8eb42d56 -> 
========================================================================
Received Prepare
Registering precompiled user dll's ...
Registered in 0.005383 seconds.
Begin MonoManager ReloadAssembly
Native extension for LinuxStandalone target not found
Native extension for WindowsStandalone target not found
Refreshing native plugins compatible for Editor in 0.85 ms, found 2 plugins.
Preloading 0 native plugins for Editor in 0.00 ms.
Mono: successfully reloaded assembly
- Completed reload, in  1.061 seconds
Domain Reload Profiling:
	ReloadAssembly (1061ms)
		BeginReloadAssembly (99ms)
			ExecutionOrderSort (0ms)
			DisableScriptedObjects (4ms)
			BackupInstance (0ms)
			ReleaseScriptingObjects (0ms)
			CreateAndSetChildDomain (36ms)
		EndReloadAssembly (905ms)
			LoadAssemblies (83ms)
			RebuildTransferFunctionScriptingTraits (0ms)
			SetupTypeCache (338ms)
			ReleaseScriptCaches (2ms)
			RebuildScriptCaches (69ms)
			SetupLoadedEditorAssemblies (322ms)
				LogAssemblyErrors (0ms)
				InitializePlatformSupportModulesInManaged (4ms)
				SetLoadedEditorAssemblies (0ms)
				RefreshPlugins (1ms)
				BeforeProcessingInitializeOnLoad (92ms)
				ProcessInitializeOnLoadAttributes (203ms)
				ProcessInitializeOnLoadMethodAttributes (14ms)
				AfterProcessingInitializeOnLoad (7ms)
				EditorAssembliesLoaded (0ms)
			ExecutionOrderSort2 (0ms)
			AwakeInstancesAfterBackupRestoration (8ms)
Platform modules already initialized, skipping
Refreshing native plugins compatible for Editor in 0.89 ms, found 2 plugins.
Preloading 0 native plugins for Editor in 0.00 ms.
Unloading 3938 Unused Serialized files (Serialized files now loaded: 0)
System memory in use before: 160.9 MB.
System memory in use after: 161.2 MB.

Unloading 107 unused Assets to reduce memory usage. Loaded Objects now: 4431.
Total: 3.980400 ms (FindLiveObjects: 0.472000 ms CreateObjectMapping: 0.105400 ms MarkObjects: 3.361000 ms  DeleteObjects: 0.040800 ms)

AssetImportParameters requested are different than current active one (requested -> active):
  custom:framework-win-MediaFoundation: 216162199b28c13a410421893ffa2e32 -> 
  custom:video-decoder-ogg-theora: a1e56fd34408186e4bbccfd4996cb3dc -> 
  custom:container-muxer-webm: aa71ff27fc2769a1b78a27578f13a17b -> 
  custom:container-demuxer-webm: 4f35f7cbe854078d1ac9338744f61a02 -> 
  custom:container-demuxer-ogg: 62fdf1f143b41e24485cea50d1cbac27 -> 
  custom:video-encoder-webm-vp8: eb34c28f22e8b96e1ab97ce403110664 -> 
  custom:video-decoder-webm-vp8: 9c59270c3fd7afecdb556c50c9e8de78 -> 
  custom:audio-decoder-ogg-vorbis: bf7c407c2cedff20999df2af8eb42d56 -> 
  custom:audio-encoder-webm-vorbis: bf7c407c2cedff20999df2af8eb42d56 -> 
========================================================================
Received Prepare
Registering precompiled user dll's ...
Registered in 0.005468 seconds.
Begin MonoManager ReloadAssembly
Native extension for LinuxStandalone target not found
Native extension for WindowsStandalone target not found
Refreshing native plugins compatible for Editor in 0.82 ms, found 2 plugins.
Preloading 0 native plugins for Editor in 0.00 ms.
Mono: successfully reloaded assembly
- Completed reload, in  0.986 seconds
Domain Reload Profiling:
	ReloadAssembly (987ms)
		BeginReloadAssembly (99ms)
			ExecutionOrderSort (0ms)
			DisableScriptedObjects (4ms)
			BackupInstance (0ms)
			ReleaseScriptingObjects (0ms)
			CreateAndSetChildDomain (36ms)
		EndReloadAssembly (833ms)
			LoadAssemblies (85ms)
			RebuildTransferFunctionScriptingTraits (0ms)
			SetupTypeCache (295ms)
			ReleaseScriptCaches (2ms)
			RebuildScriptCaches (55ms)
			SetupLoadedEditorAssemblies (298ms)
				LogAssemblyErrors (0ms)
				InitializePlatformSupportModulesInManaged (4ms)
				SetLoadedEditorAssemblies (0ms)
				RefreshPlugins (1ms)
				BeforeProcessingInitializeOnLoad (90ms)
				ProcessInitializeOnLoadAttributes (188ms)
				ProcessInitializeOnLoadMethodAttributes (8ms)
				AfterProcessingInitializeOnLoad (6ms)
				EditorAssembliesLoaded (0ms)
			ExecutionOrderSort2 (0ms)
			AwakeInstancesAfterBackupRestoration (8ms)
Platform modules already initialized, skipping
Refreshing native plugins compatible for Editor in 0.86 ms, found 2 plugins.
Preloading 0 native plugins for Editor in 0.00 ms.
Unloading 3787 Unused Serialized files (Serialized files now loaded: 0)
System memory in use before: 155.8 MB.
System memory in use after: 156.1 MB.

Unloading 81 unused Assets to reduce memory usage. Loaded Objects now: 4372.
Total: 3.503700 ms (FindLiveObjects: 0.321100 ms CreateObjectMapping: 0.099500 ms MarkObjects: 3.050900 ms  DeleteObjects: 0.031400 ms)

AssetImportParameters requested are different than current active one (requested -> active):
  custom:framework-win-MediaFoundation: 216162199b28c13a410421893ffa2e32 -> 
  custom:video-decoder-ogg-theora: a1e56fd34408186e4bbccfd4996cb3dc -> 
  custom:container-muxer-webm: aa71ff27fc2769a1b78a27578f13a17b -> 
  custom:container-demuxer-webm: 4f35f7cbe854078d1ac9338744f61a02 -> 
  custom:container-demuxer-ogg: 62fdf1f143b41e24485cea50d1cbac27 -> 
  custom:video-encoder-webm-vp8: eb34c28f22e8b96e1ab97ce403110664 -> 
  custom:video-decoder-webm-vp8: 9c59270c3fd7afecdb556c50c9e8de78 -> 
  custom:audio-decoder-ogg-vorbis: bf7c407c2cedff20999df2af8eb42d56 -> 
  custom:audio-encoder-webm-vorbis: bf7c407c2cedff20999df2af8eb42d56 -> 
========================================================================
Received Prepare
Registering precompiled user dll's ...
Registered in 0.005177 seconds.
Begin MonoManager ReloadAssembly
Native extension for LinuxStandalone target not found
Native extension for WindowsStandalone target not found
Refreshing native plugins compatible for Editor in 0.93 ms, found 2 plugins.
Preloading 0 native plugins for Editor in 0.00 ms.
Mono: successfully reloaded assembly
- Completed reload, in  1.086 seconds
Domain Reload Profiling:
	ReloadAssembly (1086ms)
		BeginReloadAssembly (127ms)
			ExecutionOrderSort (0ms)
			DisableScriptedObjects (4ms)
			BackupInstance (0ms)
			ReleaseScriptingObjects (0ms)
			CreateAndSetChildDomain (39ms)
		EndReloadAssembly (905ms)
			LoadAssemblies (88ms)
			RebuildTransferFunctionScriptingTraits (0ms)
			SetupTypeCache (340ms)
			ReleaseScriptCaches (2ms)
			RebuildScriptCaches (60ms)
			SetupLoadedEditorAssemblies (326ms)
				LogAssemblyErrors (0ms)
				InitializePlatformSupportModulesInManaged (4ms)
				SetLoadedEditorAssemblies (0ms)
				RefreshPlugins (1ms)
				BeforeProcessingInitializeOnLoad (95ms)
				ProcessInitializeOnLoadAttributes (206ms)
				ProcessInitializeOnLoadMethodAttributes (13ms)
				AfterProcessingInitializeOnLoad (6ms)
				EditorAssembliesLoaded (0ms)
			ExecutionOrderSort2 (0ms)
			AwakeInstancesAfterBackupRestoration (8ms)
Platform modules already initialized, skipping
Refreshing native plugins compatible for Editor in 1.22 ms, found 2 plugins.
Preloading 0 native plugins for Editor in 0.00 ms.
Unloading 3938 Unused Serialized files (Serialized files now loaded: 0)
System memory in use before: 160.8 MB.
System memory in use after: 161.1 MB.

Unloading 20 unused Assets to reduce memory usage. Loaded Objects now: 4522.
Total: 4.412200 ms (FindLiveObjects: 0.458500 ms CreateObjectMapping: 0.118100 ms MarkObjects: 3.815800 ms  DeleteObjects: 0.018600 ms)

AssetImportParameters requested are different than current active one (requested -> active):
  custom:framework-win-MediaFoundation: 216162199b28c13a410421893ffa2e32 -> 
  custom:video-decoder-ogg-theora: a1e56fd34408186e4bbccfd4996cb3dc -> 
  custom:container-muxer-webm: aa71ff27fc2769a1b78a27578f13a17b -> 
  custom:container-demuxer-webm: 4f35f7cbe854078d1ac9338744f61a02 -> 
  custom:container-demuxer-ogg: 62fdf1f143b41e24485cea50d1cbac27 -> 
  custom:video-encoder-webm-vp8: eb34c28f22e8b96e1ab97ce403110664 -> 
  custom:video-decoder-webm-vp8: 9c59270c3fd7afecdb556c50c9e8de78 -> 
  custom:audio-decoder-ogg-vorbis: bf7c407c2cedff20999df2af8eb42d56 -> 
  custom:audio-encoder-webm-vorbis: bf7c407c2cedff20999df2af8eb42d56 -> 
========================================================================
Received Import Request.
  Time since last request: 803.719852 seconds.
  path: Assets/Plugins/UniTask/Editor
  artifactKey: Guid(51ad3137b77579749840dcbefc2c4e6f) Importer(815301076,1909f56bfc062723c751e8b465ee728b)
Start importing Assets/Plugins/UniTask/Editor using Guid(51ad3137b77579749840dcbefc2c4e6f) Importer(815301076,1909f56bfc062723c751e8b465ee728b)  -> (artifact id: '5750e006db8d4104995af207fa051a92') in 0.012472 seconds 
  Import took 0.019474 seconds .

========================================================================
Received Import Request.
  Time since last request: 0.011633 seconds.
  path: Assets/Plugins/UniTask/Editor/UniTask.Editor.asmdef
  artifactKey: Guid(4129704b5a1a13841ba16f230bf24a57) Importer(815301076,1909f56bfc062723c751e8b465ee728b)
Start importing Assets/Plugins/UniTask/Editor/UniTask.Editor.asmdef using Guid(4129704b5a1a13841ba16f230bf24a57) Importer(815301076,1909f56bfc062723c751e8b465ee728b)  -> (artifact id: 'd248573746342b94c8641a97c4d2ac4e') in 0.006738 seconds 
  Import took 0.012618 seconds .

========================================================================
Received Import Request.
  Time since last request: 17.861716 seconds.
  path: Assets/Plugins/UniTask/Runtime/UniTask.asmdef
  artifactKey: Guid(f51ebe6a0ceec4240a699833d6309b23) Importer(815301076,1909f56bfc062723c751e8b465ee728b)
Start importing Assets/Plugins/UniTask/Runtime/UniTask.asmdef using Guid(f51ebe6a0ceec4240a699833d6309b23) Importer(815301076,1909f56bfc062723c751e8b465ee728b)  -> (artifact id: '87134b84ecd1b0d6b4f0e94e2d7bae21') in 0.002776 seconds 
  Import took 0.009350 seconds .

========================================================================
Received Import Request.
  Time since last request: 4.497851 seconds.
  path: Assets/Plugins/UniTask/Runtime/Internal
  artifactKey: Guid(072e0e0ee42d315488a374025320ca3a) Importer(815301076,1909f56bfc062723c751e8b465ee728b)
Start importing Assets/Plugins/UniTask/Runtime/Internal using Guid(072e0e0ee42d315488a374025320ca3a) Importer(815301076,1909f56bfc062723c751e8b465ee728b)  -> (artifact id: '9935a6f09359f2c526cb25bc26cf6183') in 0.008107 seconds 
  Import took 0.014506 seconds .

========================================================================
Received Import Request.
  Time since last request: 1.314773 seconds.
  path: Assets/Plugins/UniTask/Runtime/External
  artifactKey: Guid(8e2ed2fa209948e4385d4a0206c01140) Importer(815301076,1909f56bfc062723c751e8b465ee728b)
Start importing Assets/Plugins/UniTask/Runtime/External using Guid(8e2ed2fa209948e4385d4a0206c01140) Importer(815301076,1909f56bfc062723c751e8b465ee728b)  -> (artifact id: '410b3a1b25e492258e088fc872f555df') in 0.007295 seconds 
  Import took 0.013307 seconds .

========================================================================
Received Import Request.
  Time since last request: 1.450995 seconds.
  path: Assets/Plugins/UniTask/Runtime/IUniTaskSource.cs
  artifactKey: Guid(3e4d023d8404ab742b5e808c98097c3c) Importer(815301076,1909f56bfc062723c751e8b465ee728b)
Start importing Assets/Plugins/UniTask/Runtime/IUniTaskSource.cs using Guid(3e4d023d8404ab742b5e808c98097c3c) Importer(815301076,1909f56bfc062723c751e8b465ee728b)  -> (artifact id: 'c352513980371a541ad910eff84f24dc') in 0.006774 seconds 
  Import took 0.012828 seconds .

========================================================================
Received Prepare
Registering precompiled user dll's ...
Registered in 0.005381 seconds.
Begin MonoManager ReloadAssembly
Native extension for LinuxStandalone target not found
Native extension for WindowsStandalone target not found
Refreshing native plugins compatible for Editor in 0.86 ms, found 2 plugins.
Preloading 0 native plugins for Editor in 0.00 ms.
Mono: successfully reloaded assembly
- Completed reload, in  1.015 seconds
Domain Reload Profiling:
	ReloadAssembly (1015ms)
		BeginReloadAssembly (111ms)
			ExecutionOrderSort (0ms)
			DisableScriptedObjects (4ms)
			BackupInstance (0ms)
			ReleaseScriptingObjects (0ms)
			CreateAndSetChildDomain (37ms)
		EndReloadAssembly (851ms)
			LoadAssemblies (76ms)
			RebuildTransferFunctionScriptingTraits (0ms)
			SetupTypeCache (320ms)
			ReleaseScriptCaches (2ms)
			RebuildScriptCaches (55ms)
			SetupLoadedEditorAssemblies (304ms)
				LogAssemblyErrors (0ms)
				InitializePlatformSupportModulesInManaged (4ms)
				SetLoadedEditorAssemblies (0ms)
				RefreshPlugins (1ms)
				BeforeProcessingInitializeOnLoad (91ms)
				ProcessInitializeOnLoadAttributes (188ms)
				ProcessInitializeOnLoadMethodAttributes (13ms)
				AfterProcessingInitializeOnLoad (6ms)
				EditorAssembliesLoaded (0ms)
			ExecutionOrderSort2 (0ms)
			AwakeInstancesAfterBackupRestoration (8ms)
Platform modules already initialized, skipping
Refreshing native plugins compatible for Editor in 0.99 ms, found 2 plugins.
Preloading 0 native plugins for Editor in 0.00 ms.
Unloading 3938 Unused Serialized files (Serialized files now loaded: 0)
System memory in use before: 160.8 MB.
System memory in use after: 161.1 MB.

Unloading 20 unused Assets to reduce memory usage. Loaded Objects now: 4524.
Total: 3.499000 ms (FindLiveObjects: 0.350100 ms CreateObjectMapping: 0.103900 ms MarkObjects: 3.027900 ms  DeleteObjects: 0.016100 ms)

AssetImportParameters requested are different than current active one (requested -> active):
  custom:framework-win-MediaFoundation: 216162199b28c13a410421893ffa2e32 -> 
  custom:video-decoder-ogg-theora: a1e56fd34408186e4bbccfd4996cb3dc -> 
  custom:container-muxer-webm: aa71ff27fc2769a1b78a27578f13a17b -> 
  custom:container-demuxer-webm: 4f35f7cbe854078d1ac9338744f61a02 -> 
  custom:container-demuxer-ogg: 62fdf1f143b41e24485cea50d1cbac27 -> 
  custom:video-encoder-webm-vp8: eb34c28f22e8b96e1ab97ce403110664 -> 
  custom:video-decoder-webm-vp8: 9c59270c3fd7afecdb556c50c9e8de78 -> 
  custom:audio-decoder-ogg-vorbis: bf7c407c2cedff20999df2af8eb42d56 -> 
  custom:audio-encoder-webm-vorbis: bf7c407c2cedff20999df2af8eb42d56 -> 
========================================================================
Received Prepare
Registering precompiled user dll's ...
Registered in 0.005127 seconds.
Begin MonoManager ReloadAssembly
Native extension for LinuxStandalone target not found
Native extension for WindowsStandalone target not found
Refreshing native plugins compatible for Editor in 1.39 ms, found 2 plugins.
Preloading 0 native plugins for Editor in 0.00 ms.
Mono: successfully reloaded assembly
- Completed reload, in  1.034 seconds
Domain Reload Profiling:
	ReloadAssembly (1034ms)
		BeginReloadAssembly (113ms)
			ExecutionOrderSort (0ms)
			DisableScriptedObjects (4ms)
			BackupInstance (0ms)
			ReleaseScriptingObjects (0ms)
			CreateAndSetChildDomain (35ms)
		EndReloadAssembly (865ms)
			LoadAssemblies (79ms)
			RebuildTransferFunctionScriptingTraits (0ms)
			SetupTypeCache (322ms)
			ReleaseScriptCaches (2ms)
			RebuildScriptCaches (59ms)
			SetupLoadedEditorAssemblies (306ms)
				LogAssemblyErrors (0ms)
				InitializePlatformSupportModulesInManaged (4ms)
				SetLoadedEditorAssemblies (0ms)
				RefreshPlugins (1ms)
				BeforeProcessingInitializeOnLoad (91ms)
				ProcessInitializeOnLoadAttributes (190ms)
				ProcessInitializeOnLoadMethodAttributes (12ms)
				AfterProcessingInitializeOnLoad (6ms)
				EditorAssembliesLoaded (0ms)
			ExecutionOrderSort2 (0ms)
			AwakeInstancesAfterBackupRestoration (8ms)
Platform modules already initialized, skipping
Refreshing native plugins compatible for Editor in 0.90 ms, found 2 plugins.
Preloading 0 native plugins for Editor in 0.00 ms.
Unloading 3938 Unused Serialized files (Serialized files now loaded: 0)
System memory in use before: 160.8 MB.
System memory in use after: 161.1 MB.

Unloading 20 unused Assets to reduce memory usage. Loaded Objects now: 4526.
Total: 4.326000 ms (FindLiveObjects: 0.567600 ms CreateObjectMapping: 0.111500 ms MarkObjects: 3.623200 ms  DeleteObjects: 0.021800 ms)

AssetImportParameters requested are different than current active one (requested -> active):
  custom:framework-win-MediaFoundation: 216162199b28c13a410421893ffa2e32 -> 
  custom:video-decoder-ogg-theora: a1e56fd34408186e4bbccfd4996cb3dc -> 
  custom:container-muxer-webm: aa71ff27fc2769a1b78a27578f13a17b -> 
  custom:container-demuxer-webm: 4f35f7cbe854078d1ac9338744f61a02 -> 
  custom:container-demuxer-ogg: 62fdf1f143b41e24485cea50d1cbac27 -> 
  custom:video-encoder-webm-vp8: eb34c28f22e8b96e1ab97ce403110664 -> 
  custom:video-decoder-webm-vp8: 9c59270c3fd7afecdb556c50c9e8de78 -> 
  custom:audio-decoder-ogg-vorbis: bf7c407c2cedff20999df2af8eb42d56 -> 
  custom:audio-encoder-webm-vorbis: bf7c407c2cedff20999df2af8eb42d56 -> 
========================================================================
Received Import Request.
  Time since last request: 2289.329185 seconds.
  path: Assets/Plugins/UniTask.Analyzer.dll
  artifactKey: Guid(5a7c79f2691679d4696e48f3d72c04fd) Importer(815301076,1909f56bfc062723c751e8b465ee728b)
Start importing Assets/Plugins/UniTask.Analyzer.dll using Guid(5a7c79f2691679d4696e48f3d72c04fd) Importer(815301076,1909f56bfc062723c751e8b465ee728b)  -> (artifact id: 'd1e767ab39c7994b5b64bd5411c6f91a') in 0.016685 seconds 
  Import took 0.024856 seconds .

========================================================================
Received Prepare
Registering precompiled user dll's ...
Registered in 0.005506 seconds.
Begin MonoManager ReloadAssembly
Unloading broken assembly Assets/Plugins/UniTask.Analyzer.dll, this assembly can cause crashes in the runtime
Native extension for LinuxStandalone target not found
Native extension for WindowsStandalone target not found
Refreshing native plugins compatible for Editor in 0.91 ms, found 2 plugins.
Preloading 0 native plugins for Editor in 0.00 ms.
Mono: successfully reloaded assembly
- Completed reload, in  1.058 seconds
Domain Reload Profiling:
	ReloadAssembly (1058ms)
		BeginReloadAssembly (122ms)
			ExecutionOrderSort (0ms)
			DisableScriptedObjects (4ms)
			BackupInstance (0ms)
			ReleaseScriptingObjects (0ms)
			CreateAndSetChildDomain (44ms)
		EndReloadAssembly (881ms)
			LoadAssemblies (79ms)
			RebuildTransferFunctionScriptingTraits (0ms)
			SetupTypeCache (342ms)
			ReleaseScriptCaches (2ms)
			RebuildScriptCaches (56ms)
			SetupLoadedEditorAssemblies (306ms)
				LogAssemblyErrors (0ms)
				InitializePlatformSupportModulesInManaged (5ms)
				SetLoadedEditorAssemblies (0ms)
				RefreshPlugins (1ms)
				BeforeProcessingInitializeOnLoad (91ms)
				ProcessInitializeOnLoadAttributes (191ms)
				ProcessInitializeOnLoadMethodAttributes (12ms)
				AfterProcessingInitializeOnLoad (6ms)
				EditorAssembliesLoaded (0ms)
			ExecutionOrderSort2 (0ms)
			AwakeInstancesAfterBackupRestoration (8ms)
Platform modules already initialized, skipping
Refreshing native plugins compatible for Editor in 0.88 ms, found 2 plugins.
Preloading 0 native plugins for Editor in 0.00 ms.
Unloading 3939 Unused Serialized files (Serialized files now loaded: 0)
System memory in use before: 161.0 MB.
System memory in use after: 161.3 MB.

Unloading 21 unused Assets to reduce memory usage. Loaded Objects now: 4528.
Total: 3.769300 ms (FindLiveObjects: 0.473100 ms CreateObjectMapping: 0.096400 ms MarkObjects: 3.178500 ms  DeleteObjects: 0.020100 ms)

AssetImportParameters requested are different than current active one (requested -> active):
  custom:framework-win-MediaFoundation: 216162199b28c13a410421893ffa2e32 -> 
  custom:video-decoder-ogg-theora: a1e56fd34408186e4bbccfd4996cb3dc -> 
  custom:container-muxer-webm: aa71ff27fc2769a1b78a27578f13a17b -> 
  custom:container-demuxer-webm: 4f35f7cbe854078d1ac9338744f61a02 -> 
  custom:container-demuxer-ogg: 62fdf1f143b41e24485cea50d1cbac27 -> 
  custom:video-encoder-webm-vp8: eb34c28f22e8b96e1ab97ce403110664 -> 
  custom:video-decoder-webm-vp8: 9c59270c3fd7afecdb556c50c9e8de78 -> 
  custom:audio-decoder-ogg-vorbis: bf7c407c2cedff20999df2af8eb42d56 -> 
  custom:audio-encoder-webm-vorbis: bf7c407c2cedff20999df2af8eb42d56 -> 
========================================================================
Received Prepare
Registering precompiled user dll's ...
Registered in 0.005561 seconds.
Begin MonoManager ReloadAssembly
Unloading broken assembly Assets/Plugins/UniTask.Analyzer.dll, this assembly can cause crashes in the runtime
Native extension for LinuxStandalone target not found
Native extension for WindowsStandalone target not found
Refreshing native plugins compatible for Editor in 0.85 ms, found 2 plugins.
Preloading 0 native plugins for Editor in 0.00 ms.
Mono: successfully reloaded assembly
- Completed reload, in  1.025 seconds
Domain Reload Profiling:
	ReloadAssembly (1026ms)
		BeginReloadAssembly (106ms)
			ExecutionOrderSort (0ms)
			DisableScriptedObjects (5ms)
			BackupInstance (0ms)
			ReleaseScriptingObjects (0ms)
			CreateAndSetChildDomain (36ms)
		EndReloadAssembly (865ms)
			LoadAssemblies (78ms)
			RebuildTransferFunctionScriptingTraits (0ms)
			SetupTypeCache (326ms)
			ReleaseScriptCaches (2ms)
			RebuildScriptCaches (55ms)
			SetupLoadedEditorAssemblies (306ms)
				LogAssemblyErrors (0ms)
				InitializePlatformSupportModulesInManaged (4ms)
				SetLoadedEditorAssemblies (0ms)
				RefreshPlugins (1ms)
				BeforeProcessingInitializeOnLoad (91ms)
				ProcessInitializeOnLoadAttributes (191ms)
				ProcessInitializeOnLoadMethodAttributes (13ms)
				AfterProcessingInitializeOnLoad (6ms)
				EditorAssembliesLoaded (0ms)
			ExecutionOrderSort2 (0ms)
			AwakeInstancesAfterBackupRestoration (8ms)
Platform modules already initialized, skipping
Refreshing native plugins compatible for Editor in 0.84 ms, found 2 plugins.
Preloading 0 native plugins for Editor in 0.00 ms.
Unloading 3947 Unused Serialized files (Serialized files now loaded: 0)
System memory in use before: 161.2 MB.
System memory in use after: 161.5 MB.

Unloading 21 unused Assets to reduce memory usage. Loaded Objects now: 4538.
Total: 3.499000 ms (FindLiveObjects: 0.338600 ms CreateObjectMapping: 0.120200 ms MarkObjects: 3.025000 ms  DeleteObjects: 0.014300 ms)

AssetImportParameters requested are different than current active one (requested -> active):
  custom:framework-win-MediaFoundation: 216162199b28c13a410421893ffa2e32 -> 
  custom:video-decoder-ogg-theora: a1e56fd34408186e4bbccfd4996cb3dc -> 
  custom:container-muxer-webm: aa71ff27fc2769a1b78a27578f13a17b -> 
  custom:container-demuxer-webm: 4f35f7cbe854078d1ac9338744f61a02 -> 
  custom:container-demuxer-ogg: 62fdf1f143b41e24485cea50d1cbac27 -> 
  custom:video-encoder-webm-vp8: eb34c28f22e8b96e1ab97ce403110664 -> 
  custom:video-decoder-webm-vp8: 9c59270c3fd7afecdb556c50c9e8de78 -> 
  custom:audio-decoder-ogg-vorbis: bf7c407c2cedff20999df2af8eb42d56 -> 
  custom:audio-encoder-webm-vorbis: bf7c407c2cedff20999df2af8eb42d56 -> 
========================================================================
Received Import Request.
  Time since last request: 295.033879 seconds.
  path: Assets/Plugins/UniTask
  artifactKey: Guid(4929ac1f6fcfe944a99529b6fb5bd9ef) Importer(815301076,1909f56bfc062723c751e8b465ee728b)
Start importing Assets/Plugins/UniTask using Guid(4929ac1f6fcfe944a99529b6fb5bd9ef) Importer(815301076,1909f56bfc062723c751e8b465ee728b)  -> (artifact id: 'a4d7fb93d9609b1e7c985c59914cb958') in 0.008370 seconds 
  Import took 0.015317 seconds .

========================================================================
Received Import Request.
  Time since last request: 604.146583 seconds.
  path: Assets/TutorialInfo/Icons/Help_Icon.png
  artifactKey: Guid(34f556d724b1bbf4097ca6220db2c581) Importer(815301076,1909f56bfc062723c751e8b465ee728b)
Start importing Assets/TutorialInfo/Icons/Help_Icon.png using Guid(34f556d724b1bbf4097ca6220db2c581) Importer(815301076,1909f56bfc062723c751e8b465ee728b)  -> (artifact id: 'd44cd57fc4feab842adb57b231d71887') in 0.193829 seconds 
  Import took 0.201299 seconds .

========================================================================
Received Import Request.
  Time since last request: 0.000195 seconds.
  path: Assets/TutorialInfo/Icons/UniversalIcon.png
  artifactKey: Guid(7801804018a7dcf42abb827444e18660) Importer(815301076,1909f56bfc062723c751e8b465ee728b)
Start importing Assets/TutorialInfo/Icons/UniversalIcon.png using Guid(7801804018a7dcf42abb827444e18660) Importer(815301076,1909f56bfc062723c751e8b465ee728b)  -> (artifact id: '2469af74232faa562fa73eb837360c84') in 0.015853 seconds 
  Import took 0.021303 seconds .

========================================================================
Received Import Request.
  Time since last request: 83.207792 seconds.
  path: Assets/Plugins/UniTask/Runtime/CompilerServices
  artifactKey: Guid(ce65d5e580a61d84a84dfb7d07975169) Importer(815301076,1909f56bfc062723c751e8b465ee728b)
Start importing Assets/Plugins/UniTask/Runtime/CompilerServices using Guid(ce65d5e580a61d84a84dfb7d07975169) Importer(815301076,1909f56bfc062723c751e8b465ee728b)  -> (artifact id: 'a9884ce8427b7bda6f892236f1ef2999') in 0.008789 seconds 
  Import took 0.016038 seconds .

========================================================================
Received Import Request.
  Time since last request: 5.189563 seconds.
  path: Assets/Plugins/UniTask/package.json
  artifactKey: Guid(d1a9a71f68bb0d04db91ddaa3329abf9) Importer(815301076,1909f56bfc062723c751e8b465ee728b)
Start importing Assets/Plugins/UniTask/package.json using Guid(d1a9a71f68bb0d04db91ddaa3329abf9) Importer(815301076,1909f56bfc062723c751e8b465ee728b)  -> (artifact id: '879fed33569eebec69b45a1312947886') in 0.071692 seconds 
  Import took 0.077792 seconds .

========================================================================
Received Import Request.
  Time since last request: 70.009302 seconds.
  path: Assets/Plugins/UniTask/Runtime
  artifactKey: Guid(8fe0ca8955331e948bb3c7da9bf49f00) Importer(815301076,1909f56bfc062723c751e8b465ee728b)
Start importing Assets/Plugins/UniTask/Runtime using Guid(8fe0ca8955331e948bb3c7da9bf49f00) Importer(815301076,1909f56bfc062723c751e8b465ee728b)  -> (artifact id: '3c34a0b00cec9574da273142033b0319') in 0.090040 seconds 
  Import took 0.097222 seconds .

========================================================================
Received Import Request.
  Time since last request: 30.509209 seconds.
  path: Assets/Plugins/UniTask/Runtime/Triggers
  artifactKey: Guid(40787baf5632772449567da5dd2a60ac) Importer(815301076,1909f56bfc062723c751e8b465ee728b)
Start importing Assets/Plugins/UniTask/Runtime/Triggers using Guid(40787baf5632772449567da5dd2a60ac) Importer(815301076,1909f56bfc062723c751e8b465ee728b)  -> (artifact id: '268dd2837ff3d1c5c485f4ae2650bf52') in 0.007464 seconds 
  Import took 0.013383 seconds .

========================================================================
Received Import Request.
  Time since last request: 61.763004 seconds.
  path: Assets/SerializableCallback-master
  artifactKey: Guid(a49297f282568e2499ba1421406c355d) Importer(815301076,1909f56bfc062723c751e8b465ee728b)
Start importing Assets/SerializableCallback-master using Guid(a49297f282568e2499ba1421406c355d) Importer(815301076,1909f56bfc062723c751e8b465ee728b)  -> (artifact id: 'd604b8c7d13a9a5e666d4608f7dca42e') in 0.007463 seconds 
  Import took 0.014866 seconds .

========================================================================
Received Import Request.
  Time since last request: 0.440065 seconds.
  path: Assets/Settings
  artifactKey: Guid(0735c275001a2c84dafdb30deced5d8d) Importer(815301076,1909f56bfc062723c751e8b465ee728b)
Start importing Assets/Settings using Guid(0735c275001a2c84dafdb30deced5d8d) Importer(815301076,1909f56bfc062723c751e8b465ee728b)  -> (artifact id: 'cadd7ca10b5bf32e886eec457cf073a7') in 0.032816 seconds 
  Import took 0.039661 seconds .

========================================================================
Received Import Request.
  Time since last request: 0.887243 seconds.
  path: Assets/StreamingAssets
  artifactKey: Guid(8f311afdbe7fd4149bab0e37d8c04bb9) Importer(815301076,1909f56bfc062723c751e8b465ee728b)
Start importing Assets/StreamingAssets using Guid(8f311afdbe7fd4149bab0e37d8c04bb9) Importer(815301076,1909f56bfc062723c751e8b465ee728b)  -> (artifact id: '17e64d929fbf98ba6b3a8e7a3dbe50a5') in 0.010204 seconds 
  Import took 0.016785 seconds .

========================================================================
Received Import Request.
  Time since last request: 0.487060 seconds.
  path: Assets/TutorialInfo
  artifactKey: Guid(49110bb8dcada46328ad741970bce702) Importer(815301076,1909f56bfc062723c751e8b465ee728b)
Start importing Assets/TutorialInfo using Guid(49110bb8dcada46328ad741970bce702) Importer(815301076,1909f56bfc062723c751e8b465ee728b)  -> (artifact id: 'de5a30219286eb2a872f2f84d66d9616') in 0.013643 seconds 
  Import took 0.019709 seconds .

========================================================================
Received Import Request.
  Time since last request: 1.616265 seconds.
  path: Assets/Plugins/UniTask/Runtime/Linq/UniTask.Linq.asmdef
  artifactKey: Guid(5c01796d064528144a599661eaab93a6) Importer(815301076,1909f56bfc062723c751e8b465ee728b)
Start importing Assets/Plugins/UniTask/Runtime/Linq/UniTask.Linq.asmdef using Guid(5c01796d064528144a599661eaab93a6) Importer(815301076,1909f56bfc062723c751e8b465ee728b)  -> (artifact id: 'ab55ec78df991bdbae55039e891ef883') in 0.038700 seconds 
  Import took 0.045744 seconds .

========================================================================
Received Import Request.
  Time since last request: 5400.903413 seconds.
  path: Assets/Plugins/UniTask/Runtime/Linq
  artifactKey: Guid(c366d1df183f8604191c81376ec0fa5c) Importer(815301076,1909f56bfc062723c751e8b465ee728b)
Start importing Assets/Plugins/UniTask/Runtime/Linq using Guid(c366d1df183f8604191c81376ec0fa5c) Importer(815301076,1909f56bfc062723c751e8b465ee728b)  -> (artifact id: '65756fa2b5e6d7a26c2f1cfecaf6c1fa') in 0.009058 seconds 
  Import took 0.049996 seconds .

========================================================================
Received Prepare
Registering precompiled user dll's ...
Registered in 0.043041 seconds.
Begin MonoManager ReloadAssembly
Unloading broken assembly Assets/UniTask.Analyzer.dll, this assembly can cause crashes in the runtime
Native extension for LinuxStandalone target not found
Native extension for WindowsStandalone target not found
Refreshing native plugins compatible for Editor in 0.87 ms, found 2 plugins.
Preloading 0 native plugins for Editor in 0.00 ms.
Mono: successfully reloaded assembly
- Completed reload, in  1.278 seconds
Domain Reload Profiling:
	ReloadAssembly (1282ms)
		BeginReloadAssembly (271ms)
			ExecutionOrderSort (0ms)
			DisableScriptedObjects (17ms)
			BackupInstance (0ms)
			ReleaseScriptingObjects (0ms)
			CreateAndSetChildDomain (160ms)
		EndReloadAssembly (946ms)
			LoadAssemblies (101ms)
			RebuildTransferFunctionScriptingTraits (0ms)
			SetupTypeCache (369ms)
			ReleaseScriptCaches (2ms)
			RebuildScriptCaches (57ms)
			SetupLoadedEditorAssemblies (316ms)
				LogAssemblyErrors (0ms)
				InitializePlatformSupportModulesInManaged (5ms)
				SetLoadedEditorAssemblies (1ms)
				RefreshPlugins (1ms)
				BeforeProcessingInitializeOnLoad (94ms)
				ProcessInitializeOnLoadAttributes (198ms)
				ProcessInitializeOnLoadMethodAttributes (12ms)
				AfterProcessingInitializeOnLoad (6ms)
				EditorAssembliesLoaded (0ms)
			ExecutionOrderSort2 (0ms)
			AwakeInstancesAfterBackupRestoration (8ms)
Platform modules already initialized, skipping
Refreshing native plugins compatible for Editor in 0.84 ms, found 2 plugins.
Preloading 0 native plugins for Editor in 0.00 ms.
Unloading 3947 Unused Serialized files (Serialized files now loaded: 0)
System memory in use before: 161.2 MB.
System memory in use after: 161.5 MB.

Unloading 21 unused Assets to reduce memory usage. Loaded Objects now: 4541.
Total: 4.473700 ms (FindLiveObjects: 0.361200 ms CreateObjectMapping: 0.102400 ms MarkObjects: 3.933400 ms  DeleteObjects: 0.075700 ms)

AssetImportParameters requested are different than current active one (requested -> active):
  custom:framework-win-MediaFoundation: 216162199b28c13a410421893ffa2e32 -> 
  custom:video-decoder-ogg-theora: a1e56fd34408186e4bbccfd4996cb3dc -> 
  custom:container-muxer-webm: aa71ff27fc2769a1b78a27578f13a17b -> 
  custom:container-demuxer-webm: 4f35f7cbe854078d1ac9338744f61a02 -> 
  custom:container-demuxer-ogg: 62fdf1f143b41e24485cea50d1cbac27 -> 
  custom:video-encoder-webm-vp8: eb34c28f22e8b96e1ab97ce403110664 -> 
  custom:video-decoder-webm-vp8: 9c59270c3fd7afecdb556c50c9e8de78 -> 
  custom:audio-decoder-ogg-vorbis: bf7c407c2cedff20999df2af8eb42d56 -> 
  custom:audio-encoder-webm-vorbis: bf7c407c2cedff20999df2af8eb42d56 -> 
========================================================================
Received Import Request.
  Time since last request: 385.283707 seconds.
  path: Assets/Plugins/Lowscope/ComponentSaveSystem
  artifactKey: Guid(bb35e739893342a45b9b93f4d26fe7e7) Importer(815301076,1909f56bfc062723c751e8b465ee728b)
Start importing Assets/Plugins/Lowscope/ComponentSaveSystem using Guid(bb35e739893342a45b9b93f4d26fe7e7) Importer(815301076,1909f56bfc062723c751e8b465ee728b)  -> (artifact id: 'e4656a953edee8c5c1d60091d43a9501') in 0.013455 seconds 
  Import took 0.020272 seconds .

========================================================================
Received Import Request.
  Time since last request: 1.183114 seconds.
  path: Assets/Plugins/Lowscope/ComponentSaveSystem/LICENSE.txt
  artifactKey: Guid(f6321a1055e70f448814ef173328e59f) Importer(815301076,1909f56bfc062723c751e8b465ee728b)
Start importing Assets/Plugins/Lowscope/ComponentSaveSystem/LICENSE.txt using Guid(f6321a1055e70f448814ef173328e59f) Importer(815301076,1909f56bfc062723c751e8b465ee728b)  -> (artifact id: '8cf3d777a1dcb52255744d9fd527e3d2') in 0.050612 seconds 
  Import took 0.056730 seconds .

========================================================================
Received Import Request.
  Time since last request: 4.313888 seconds.
  path: Assets/Plugins/Demigiant/DOTween/readme.txt
  artifactKey: Guid(fccfc62abf2eb0a4db614853430894fd) Importer(815301076,1909f56bfc062723c751e8b465ee728b)
Start importing Assets/Plugins/Demigiant/DOTween/readme.txt using Guid(fccfc62abf2eb0a4db614853430894fd) Importer(815301076,1909f56bfc062723c751e8b465ee728b)  -> (artifact id: '03a3df0185aa4f219666bd1c317e89d1') in 0.007654 seconds 
  Import took 0.014150 seconds .

========================================================================
Received Import Request.
  Time since last request: 9.593112 seconds.
  path: Assets/Plugins/Demigiant/DOTween/DOTween.XML
  artifactKey: Guid(34192c5e0d14aee43a0e86cc4823268a) Importer(815301076,1909f56bfc062723c751e8b465ee728b)
Start importing Assets/Plugins/Demigiant/DOTween/DOTween.XML using Guid(34192c5e0d14aee43a0e86cc4823268a) Importer(815301076,1909f56bfc062723c751e8b465ee728b)  -> (artifact id: 'b5f92eb68f2e527aa98c748efacaf496') in 0.047390 seconds 
  Import took 0.053570 seconds .

========================================================================
Received Import Request.
  Time since last request: 2.475525 seconds.
  path: Assets/Plugins/Demigiant/DOTween/DOTween.dll.mdb
  artifactKey: Guid(4f007001a22b3d24dae350342c4d19c8) Importer(815301076,1909f56bfc062723c751e8b465ee728b)
Start importing Assets/Plugins/Demigiant/DOTween/DOTween.dll.mdb using Guid(4f007001a22b3d24dae350342c4d19c8) Importer(815301076,1909f56bfc062723c751e8b465ee728b)  -> (artifact id: '173d65eb185e57577441167366763c0e') in 0.008580 seconds 
  Import took 0.015346 seconds .

========================================================================
Received Import Request.
  Time since last request: 2.477434 seconds.
  path: Assets/Plugins/Demigiant/DOTween/DOTween.dll
  artifactKey: Guid(a811bde74b26b53498b4f6d872b09b6d) Importer(815301076,1909f56bfc062723c751e8b465ee728b)
Start importing Assets/Plugins/Demigiant/DOTween/DOTween.dll using Guid(a811bde74b26b53498b4f6d872b09b6d) Importer(815301076,1909f56bfc062723c751e8b465ee728b)  -> (artifact id: '7cfe9a63ca0896e6339e41b6449c2bdb') in 0.003113 seconds 
  Import took 0.008892 seconds .

========================================================================
Received Import Request.
  Time since last request: 2.240774 seconds.
  path: Assets/Plugins/Demigiant/DOTween/Modules
  artifactKey: Guid(143604b8bad857d47a6f7cc7a533e2dc) Importer(815301076,1909f56bfc062723c751e8b465ee728b)
Start importing Assets/Plugins/Demigiant/DOTween/Modules using Guid(143604b8bad857d47a6f7cc7a533e2dc) Importer(815301076,1909f56bfc062723c751e8b465ee728b)  -> (artifact id: '845a676eda836335128629a4eb5dd347') in 0.007251 seconds 
  Import took 0.013415 seconds .

========================================================================
Received Import Request.
  Time since last request: 14.234943 seconds.
  path: Assets/Plugins/Lowscope/ValidateHierarchy
  artifactKey: Guid(2b09cbd3b4aff4846b69f459b4e6274f) Importer(815301076,1909f56bfc062723c751e8b465ee728b)
Start importing Assets/Plugins/Lowscope/ValidateHierarchy using Guid(2b09cbd3b4aff4846b69f459b4e6274f) Importer(815301076,1909f56bfc062723c751e8b465ee728b)  -> (artifact id: '52593d7f9e69fd32aa4cd0fdf89472ba') in 0.007844 seconds 
  Import took 0.014292 seconds .

========================================================================
Received Import Request.
  Time since last request: 7.113846 seconds.
  path: Assets/Plugins/Lowscope/ComponentSaveSystem/Data
  artifactKey: Guid(2dcb3df0c4d68a1479677aed2fc7ebf3) Importer(815301076,1909f56bfc062723c751e8b465ee728b)
Start importing Assets/Plugins/Lowscope/ComponentSaveSystem/Data using Guid(2dcb3df0c4d68a1479677aed2fc7ebf3) Importer(815301076,1909f56bfc062723c751e8b465ee728b)  -> (artifact id: '5e02cf6c9d2e08b51a68b38314e30549') in 0.007657 seconds 
  Import took 0.014358 seconds .

========================================================================
Received Import Request.
  Time since last request: 44.928067 seconds.
  path: Assets/Plugins/UniTask/package.json
  artifactKey: Guid(d1a9a71f68bb0d04db91ddaa3329abf9) Importer(815301076,1909f56bfc062723c751e8b465ee728b)
Start importing Assets/Plugins/UniTask/package.json using Guid(d1a9a71f68bb0d04db91ddaa3329abf9) Importer(815301076,1909f56bfc062723c751e8b465ee728b)  -> (artifact id: '7b54d460918f31c42f8fdd414404919f') in 0.003786 seconds 
  Import took 0.010155 seconds .

========================================================================
Received Prepare
Registering precompiled user dll's ...
Registered in 0.005643 seconds.
Begin MonoManager ReloadAssembly
Unloading broken assembly Assets/UniTask.Analyzer.dll, this assembly can cause crashes in the runtime
Native extension for LinuxStandalone target not found
Native extension for WindowsStandalone target not found
Refreshing native plugins compatible for Editor in 1.34 ms, found 2 plugins.
Preloading 0 native plugins for Editor in 0.00 ms.
Mono: successfully reloaded assembly
- Completed reload, in  1.059 seconds
Domain Reload Profiling:
	ReloadAssembly (1060ms)
		BeginReloadAssembly (115ms)
			ExecutionOrderSort (0ms)
			DisableScriptedObjects (4ms)
			BackupInstance (0ms)
			ReleaseScriptingObjects (0ms)
			CreateAndSetChildDomain (45ms)
		EndReloadAssembly (889ms)
			LoadAssemblies (81ms)
			RebuildTransferFunctionScriptingTraits (0ms)
			SetupTypeCache (329ms)
			ReleaseScriptCaches (2ms)
			RebuildScriptCaches (56ms)
			SetupLoadedEditorAssemblies (322ms)
				LogAssemblyErrors (0ms)
				InitializePlatformSupportModulesInManaged (5ms)
				SetLoadedEditorAssemblies (0ms)
				RefreshPlugins (1ms)
				BeforeProcessingInitializeOnLoad (90ms)
				ProcessInitializeOnLoadAttributes (207ms)
				ProcessInitializeOnLoadMethodAttributes (13ms)
				AfterProcessingInitializeOnLoad (6ms)
				EditorAssembliesLoaded (0ms)
			ExecutionOrderSort2 (0ms)
			AwakeInstancesAfterBackupRestoration (8ms)
Platform modules already initialized, skipping
Refreshing native plugins compatible for Editor in 0.88 ms, found 2 plugins.
Preloading 0 native plugins for Editor in 0.00 ms.
Unloading 3947 Unused Serialized files (Serialized files now loaded: 0)
System memory in use before: 161.3 MB.
System memory in use after: 161.5 MB.

Unloading 21 unused Assets to reduce memory usage. Loaded Objects now: 4543.
Total: 3.683300 ms (FindLiveObjects: 0.396300 ms CreateObjectMapping: 0.105100 ms MarkObjects: 3.163700 ms  DeleteObjects: 0.016800 ms)

AssetImportParameters requested are different than current active one (requested -> active):
  custom:framework-win-MediaFoundation: 216162199b28c13a410421893ffa2e32 -> 
  custom:video-decoder-ogg-theora: a1e56fd34408186e4bbccfd4996cb3dc -> 
  custom:container-muxer-webm: aa71ff27fc2769a1b78a27578f13a17b -> 
  custom:container-demuxer-webm: 4f35f7cbe854078d1ac9338744f61a02 -> 
  custom:container-demuxer-ogg: 62fdf1f143b41e24485cea50d1cbac27 -> 
  custom:video-encoder-webm-vp8: eb34c28f22e8b96e1ab97ce403110664 -> 
  custom:video-decoder-webm-vp8: 9c59270c3fd7afecdb556c50c9e8de78 -> 
  custom:audio-decoder-ogg-vorbis: bf7c407c2cedff20999df2af8eb42d56 -> 
  custom:audio-encoder-webm-vorbis: bf7c407c2cedff20999df2af8eb42d56 -> 
=======
  path: Assets/PlayerInput.inputactions
  artifactKey: Guid(9075035524589a34c8e6d49971f318ae) Importer(815301076,1909f56bfc062723c751e8b465ee728b)
Start importing Assets/PlayerInput.inputactions using Guid(9075035524589a34c8e6d49971f318ae) Importer(815301076,1909f56bfc062723c751e8b465ee728b)  -> (artifact id: '4a806f0dd2ab583114ae42bb2785be5d') in 0.060213 seconds 
  Import took 0.067142 seconds .

>>>>>>> parent of 65fd605 (Updated Combat 1/9/2022)
AssetImportWorkerClient::OnTransportError - code=2 error=End of file
